25-11-14 18:39:48 - [INFO] - eda_script - ----- EDA Script Execution Started -----
25-11-14 18:39:48 - [INFO] - eda_script - Starting to load CSV files from data directory...
25-11-14 18:39:49 - [INFO] - eda_script - Loaded file: customer_details.csv | Shape: (381109, 8)
25-11-14 18:39:49 - [INFO] - eda_script - Loaded file: customer_policy_details.csv | Shape: (381109, 5)
25-11-14 18:39:49 - [INFO] - eda_script - Successfully loaded 2 dataframes.
25-11-14 18:39:49 - [INFO] - eda_script - Starting data cleaning & merging pipeline...
25-11-14 18:39:49 - [INFO] - eda_script - Columns renamed for dataframe: customer_details
25-11-14 18:39:49 - [INFO] - eda_script - Columns renamed for dataframe: customer_policy_details
25-11-14 18:39:50 - [INFO] - eda_script - Data merged successfully | Shape: (529718, 12)
25-11-14 18:39:50 - [INFO] - eda_script - Running IQR outlier capping...
25-11-14 18:39:51 - [INFO] - eda_script - [age] Q1=25.00, Q3=49.00, IQR=24.00, Lower=-11.00, Upper=85.00
25-11-14 18:39:51 - [INFO] - eda_script - [annual_premium [in Rs]] Q1=24416.00, Q3=39392.25, IQR=14976.25, Lower=1951.62, Upper=61856.62
25-11-14 18:39:51 - [INFO] - eda_script - [vintage] Q1=82.00, Q3=227.00, IQR=145.00, Lower=-135.50, Upper=444.50
25-11-14 18:39:51 - [INFO] - eda_script - Restoring original column data types...
25-11-14 18:39:51 - [INFO] - eda_script - Datatype restoration complete.
25-11-14 18:39:51 - [INFO] - eda_script - Data cleaning completed successfully.
25-11-14 18:39:51 - [INFO] - eda_script - Final dataframe shape: (380336, 12)
25-11-14 18:39:51 - [INFO] - eda_script - Saving cleaned dataframe...
25-11-14 18:39:53 - [INFO] - eda_script - Timestamped file saved: clean_merge_dataset\clean_merge_data_2025-11-14_18-39-51.csv
25-11-14 18:39:53 - [INFO] - eda_script - Creating new master file: clean_merge_dataset\clean_master_data.csv
25-11-14 18:39:55 - [INFO] - eda_script - Clean dataset successfully saved.
25-11-14 18:39:55 - [INFO] - eda_script - ----- EDA Script Execution Completed -----
